0 info it worked if it ends with ok
1 verbose cli [ 'C:\\Program Files\\nodejs\\node.exe',
1 verbose cli   'C:\\Program Files\\nodejs\\node_modules\\npm\\bin\\npm-cli.js',
1 verbose cli   'install',
1 verbose cli   'email-composer' ]
2 info using npm@2.15.9
3 info using node@v4.6.0
4 verbose install initial load of C:\Users\CNT_Noc_01\Google Drive\Ionic\Faq_Conecta\package.json
5 warn package.json Dicas_Conecta@1.0.0 No repository field.
6 warn package.json Dicas_Conecta@1.0.0 No license field.
7 verbose installManyTop reading scoped package data from C:\Users\CNT_Noc_01\Google Drive\Ionic\Faq_Conecta\node_modules\bower\package.json
8 verbose installManyTop reading scoped package data from C:\Users\CNT_Noc_01\Google Drive\Ionic\Faq_Conecta\node_modules\express\package.json
9 verbose installManyTop reading scoped package data from C:\Users\CNT_Noc_01\Google Drive\Ionic\Faq_Conecta\node_modules\gulp\package.json
10 verbose installManyTop reading scoped package data from C:\Users\CNT_Noc_01\Google Drive\Ionic\Faq_Conecta\node_modules\gulp-concat\package.json
11 verbose installManyTop reading scoped package data from C:\Users\CNT_Noc_01\Google Drive\Ionic\Faq_Conecta\node_modules\gulp-minify-css\package.json
12 verbose installManyTop reading scoped package data from C:\Users\CNT_Noc_01\Google Drive\Ionic\Faq_Conecta\node_modules\gulp-rename\package.json
13 verbose installManyTop reading scoped package data from C:\Users\CNT_Noc_01\Google Drive\Ionic\Faq_Conecta\node_modules\gulp-sass\package.json
14 verbose installManyTop reading scoped package data from C:\Users\CNT_Noc_01\Google Drive\Ionic\Faq_Conecta\node_modules\gulp-util\package.json
15 verbose installManyTop reading scoped package data from C:\Users\CNT_Noc_01\Google Drive\Ionic\Faq_Conecta\node_modules\nodemailer\package.json
16 verbose installManyTop reading scoped package data from C:\Users\CNT_Noc_01\Google Drive\Ionic\Faq_Conecta\node_modules\npm-debug.log\package.json
17 verbose installManyTop reading scoped package data from C:\Users\CNT_Noc_01\Google Drive\Ionic\Faq_Conecta\node_modules\phonegap\package.json
18 verbose installManyTop reading scoped package data from C:\Users\CNT_Noc_01\Google Drive\Ionic\Faq_Conecta\node_modules\sendgrid\package.json
19 verbose installManyTop reading scoped package data from C:\Users\CNT_Noc_01\Google Drive\Ionic\Faq_Conecta\node_modules\shelljs\package.json
20 info package.json phonegap@6.3.4 No license field.
21 info package.json shelljs@0.3.0 license should be a valid SPDX license expression
22 info package.json gulp-minify-css@0.3.13 No license field.
23 info package.json gulp-rename@1.2.2 No license field.
24 info package.json gulp-util@2.2.20 No license field.
25 verbose readDependencies loading dependencies from C:\Users\CNT_Noc_01\Google Drive\Ionic\Faq_Conecta\package.json
26 silly cache add args [ 'email-composer', null ]
27 verbose cache add spec email-composer
28 silly cache add parsed spec Result {
28 silly cache add   raw: 'email-composer',
28 silly cache add   scope: null,
28 silly cache add   name: 'email-composer',
28 silly cache add   rawSpec: '',
28 silly cache add   spec: 'latest',
28 silly cache add   type: 'tag' }
29 silly addNamed email-composer@latest
30 verbose addNamed "latest" is being treated as a dist-tag for email-composer
31 info addNameTag [ 'email-composer', 'latest' ]
32 silly mapToRegistry name email-composer
33 silly mapToRegistry using default registry
34 silly mapToRegistry registry https://registry.npmjs.org/
35 silly mapToRegistry data Result {
35 silly mapToRegistry   raw: 'email-composer',
35 silly mapToRegistry   scope: null,
35 silly mapToRegistry   name: 'email-composer',
35 silly mapToRegistry   rawSpec: '',
35 silly mapToRegistry   spec: 'latest',
35 silly mapToRegistry   type: 'tag' }
36 silly mapToRegistry uri https://registry.npmjs.org/email-composer
37 verbose addNameTag registry:https://registry.npmjs.org/email-composer not in flight; fetching
38 verbose request uri https://registry.npmjs.org/email-composer
39 verbose request no auth needed
40 info attempt registry request try #1 at 09:59:54
41 verbose request id c2d66a40a73b7c49
42 http request GET https://registry.npmjs.org/email-composer
43 http 404 https://registry.npmjs.org/email-composer
44 verbose headers { 'content-type': 'application/json',
44 verbose headers   'cache-control': 'max-age=0',
44 verbose headers   'content-length': '2',
44 verbose headers   'accept-ranges': 'bytes',
44 verbose headers   date: 'Wed, 09 Nov 2016 11:59:53 GMT',
44 verbose headers   via: '1.1 varnish',
44 verbose headers   age: '0',
44 verbose headers   connection: 'keep-alive',
44 verbose headers   'x-served-by': 'cache-gru7124-GRU',
44 verbose headers   'x-cache': 'MISS',
44 verbose headers   'x-cache-hits': '0',
44 verbose headers   'x-timer': 'S1478692792.409205,VS0,VE789',
44 verbose headers   vary: 'Accept-Encoding' }
45 silly get cb [ 404,
45 silly get   { 'content-type': 'application/json',
45 silly get     'cache-control': 'max-age=0',
45 silly get     'content-length': '2',
45 silly get     'accept-ranges': 'bytes',
45 silly get     date: 'Wed, 09 Nov 2016 11:59:53 GMT',
45 silly get     via: '1.1 varnish',
45 silly get     age: '0',
45 silly get     connection: 'keep-alive',
45 silly get     'x-served-by': 'cache-gru7124-GRU',
45 silly get     'x-cache': 'MISS',
45 silly get     'x-cache-hits': '0',
45 silly get     'x-timer': 'S1478692792.409205,VS0,VE789',
45 silly get     vary: 'Accept-Encoding' } ]
46 verbose stack Error: Registry returned 404 for GET on https://registry.npmjs.org/email-composer
46 verbose stack     at makeError (C:\Program Files\nodejs\node_modules\npm\node_modules\npm-registry-client\lib\request.js:264:12)
46 verbose stack     at CachingRegistryClient.<anonymous> (C:\Program Files\nodejs\node_modules\npm\node_modules\npm-registry-client\lib\request.js:242:14)
46 verbose stack     at Request._callback (C:\Program Files\nodejs\node_modules\npm\node_modules\npm-registry-client\lib\request.js:172:14)
46 verbose stack     at Request.self.callback (C:\Program Files\nodejs\node_modules\npm\node_modules\request\request.js:200:22)
46 verbose stack     at emitTwo (events.js:87:13)
46 verbose stack     at Request.emit (events.js:172:7)
46 verbose stack     at Request.<anonymous> (C:\Program Files\nodejs\node_modules\npm\node_modules\request\request.js:1067:10)
46 verbose stack     at emitOne (events.js:82:20)
46 verbose stack     at Request.emit (events.js:169:7)
46 verbose stack     at IncomingMessage.<anonymous> (C:\Program Files\nodejs\node_modules\npm\node_modules\request\request.js:988:12)
47 verbose statusCode 404
48 verbose pkgid email-composer
49 verbose cwd C:\Users\CNT_Noc_01\Google Drive\Ionic\Faq_Conecta
50 error Windows_NT 10.0.14393
51 error argv "C:\\Program Files\\nodejs\\node.exe" "C:\\Program Files\\nodejs\\node_modules\\npm\\bin\\npm-cli.js" "install" "email-composer"
52 error node v4.6.0
53 error npm  v2.15.9
54 error code E404
55 error 404 Registry returned 404 for GET on https://registry.npmjs.org/email-composer
55 error 404
55 error 404 'email-composer' is not in the npm registry.
55 error 404 You should bug the author to publish it (or use the name yourself!)
55 error 404 It was specified as a dependency of 'Dicas_Conecta'
55 error 404
55 error 404 Note that you can also install from a
55 error 404 tarball, folder, http url, or git url.
56 verbose exit [ 1, true ]
